d:\projects\github\gd2p02-1\mdsopengl\release\vc143.pdb
d:\projects\github\gd2p02-1\mdsopengl\release\texture.obj
d:\projects\github\gd2p02-1\mdsopengl\release\textlabel.obj
d:\projects\github\gd2p02-1\mdsopengl\release\terrain.obj
d:\projects\github\gd2p02-1\mdsopengl\release\shader.obj
d:\projects\github\gd2p02-1\mdsopengl\release\quadmousepick.obj
d:\projects\github\gd2p02-1\mdsopengl\release\outlinedobject.obj
d:\projects\github\gd2p02-1\mdsopengl\release\mesh.obj
d:\projects\github\gd2p02-1\mdsopengl\release\main.obj
d:\projects\github\gd2p02-1\mdsopengl\release\lightmanager.obj
d:\projects\github\gd2p02-1\mdsopengl\release\generatetexture.obj
d:\projects\github\gd2p02-1\mdsopengl\release\generatemesh.obj
d:\projects\github\gd2p02-1\mdsopengl\release\gameobject.obj
d:\projects\github\gd2p02-1\mdsopengl\release\gamemanager.obj
d:\projects\github\gd2p02-1\mdsopengl\release\freeplayercamera.obj
d:\projects\github\gd2p02-1\mdsopengl\release\font.obj
d:\projects\github\gd2p02-1\mdsopengl\release\elementbuffer.obj
d:\projects\github\gd2p02-1\mdsopengl\release\cubeskybox.obj
d:\projects\github\gd2p02-1\mdsopengl\release\camera.obj
d:\projects\github\gd2p02-1\mdsopengl\release\assesmentgamemanager.obj
d:\projects\github\gd2p02-1\mdsopengl\release\3dtextureobject.obj
d:\projects\github\gd2p02-1\mdsopengl\release\vertexarray.obj
d:\projects\github\gd2p02-1\mdsopengl\release\updatedobject.obj
d:\projects\github\gd2p02-1\mdsopengl\release\transform.obj
d:\projects\github\gd2p02-1\mdsopengl\release\tinyobjectloader.obj
d:\projects\github\gd2p02-1\release\mdsopengl.exe
d:\projects\github\gd2p02-1\mdsopengl\release\mdsopengl.iobj
d:\projects\github\gd2p02-1\release\mdsopengl.pdb
d:\projects\github\gd2p02-1\mdsopengl\release\mdsopengl.ipdb
d:\projects\github\gd2p02-1\mdsopengl\release\mdsopengl.tlog\cl.command.1.tlog
d:\projects\github\gd2p02-1\mdsopengl\release\mdsopengl.tlog\cl.read.1.tlog
d:\projects\github\gd2p02-1\mdsopengl\release\mdsopengl.tlog\cl.write.1.tlog
d:\projects\github\gd2p02-1\mdsopengl\release\mdsopengl.tlog\link.command.1.tlog
d:\projects\github\gd2p02-1\mdsopengl\release\mdsopengl.tlog\link.read.1.tlog
d:\projects\github\gd2p02-1\mdsopengl\release\mdsopengl.tlog\link.write.1.tlog
