  AssesmentGameManager.cpp
  Camera.cpp
  ParticleSystem.cpp
  Player.cpp
  TessModel.cpp
  GeoSphere.cpp
  CubeSkybox.cpp
  ElementBuffer.cpp
  Font.cpp
  FreePlayerCamera.cpp
  GameManager.cpp
  GameObject.cpp
  GenerateMesh.cpp
  GenerateTexture.cpp
D:\Projects\GD2P02-1\MDSOpenGL\Scripts\GenerateTexture.cpp(23,13): warning C4244: 'initializing': conversion from 'float' to 'int', possible loss of data
D:\Projects\GD2P02-1\MDSOpenGL\Scripts\GenerateTexture.cpp(74,35): warning C4244: 'argument': conversion from 'int' to 'float', possible loss of data
D:\Projects\GD2P02-1\MDSOpenGL\Scripts\GenerateTexture.cpp(74,23): warning C4244: 'argument': conversion from 'int' to 'float', possible loss of data
D:\Projects\GD2P02-1\MDSOpenGL\Scripts\GenerateTexture.cpp(75,39): warning C4244: 'argument': conversion from 'int' to 'float', possible loss of data
D:\Projects\GD2P02-1\MDSOpenGL\Scripts\GenerateTexture.cpp(77,23): warning C4244: 'argument': conversion from 'int' to 'float', possible loss of data
  GeoStar.cpp
  Lights.cpp
  Main.cpp
  Mesh.cpp
  QuadMousePick.cpp
  Shader.cpp
  Generating Code...
  Compiling...
  TextLabel.cpp
D:\Projects\GD2P02-1\MDSOpenGL\Scripts\TextLabel.cpp(71,16): error C2039: 'LinkAttribute': is not a member of 'CVertexArray'
D:\Projects\GD2P02-1\MDSOpenGL\Scripts\VertexArray.h(12): message : see declaration of 'CVertexArray'
  Texture.cpp
  TinyObjectLoader.cpp
  Transform.cpp
  UpdatedObject.cpp
  VertexArray.cpp
  Generating Code...
