d:\projects\gd2p02-1\mdsopengl\debug\vc143.pdb
d:\projects\gd2p02-1\mdsopengl\debug\vc143.idb
d:\projects\gd2p02-1\mdsopengl\debug\texture.obj
d:\projects\gd2p02-1\mdsopengl\debug\textlabel.obj
d:\projects\gd2p02-1\mdsopengl\debug\terrain.obj
d:\projects\gd2p02-1\mdsopengl\debug\shader.obj
d:\projects\gd2p02-1\mdsopengl\debug\quadmousepick.obj
d:\projects\gd2p02-1\mdsopengl\debug\outlinedobject.obj
d:\projects\gd2p02-1\mdsopengl\debug\mesh.obj
d:\projects\gd2p02-1\mdsopengl\debug\main.obj
d:\projects\gd2p02-1\mdsopengl\debug\lightmanager.obj
d:\projects\gd2p02-1\mdsopengl\debug\generatetexture.obj
d:\projects\gd2p02-1\mdsopengl\debug\generatemesh.obj
d:\projects\gd2p02-1\mdsopengl\debug\gameobject.obj
d:\projects\gd2p02-1\mdsopengl\debug\gamemanager.obj
d:\projects\gd2p02-1\mdsopengl\debug\freeplayercamera.obj
d:\projects\gd2p02-1\mdsopengl\debug\font.obj
d:\projects\gd2p02-1\mdsopengl\debug\elementbuffer.obj
d:\projects\gd2p02-1\mdsopengl\debug\cubeskybox.obj
d:\projects\gd2p02-1\mdsopengl\debug\camera.obj
d:\projects\gd2p02-1\mdsopengl\debug\assesmentgamemanager.obj
d:\projects\gd2p02-1\mdsopengl\debug\3dtextureobject.obj
d:\projects\gd2p02-1\mdsopengl\debug\vertexarray.obj
d:\projects\gd2p02-1\mdsopengl\debug\updatedobject.obj
d:\projects\gd2p02-1\mdsopengl\debug\transform.obj
d:\projects\gd2p02-1\mdsopengl\debug\tinyobjectloader.obj
d:\projects\gd2p02-1\mdsopengl\debug\mdsopengl.ilk
d:\projects\gd2p02-1\debug\mdsopengl.exe
d:\projects\gd2p02-1\debug\mdsopengl.pdb
d:\projects\gd2p02-1\mdsopengl\debug\meshtris.obj
d:\projects\gd2p02-1\mdsopengl\debug\mdsopengl.tlog\cl.command.1.tlog
d:\projects\gd2p02-1\mdsopengl\debug\mdsopengl.tlog\cl.read.1.tlog
d:\projects\gd2p02-1\mdsopengl\debug\mdsopengl.tlog\cl.write.1.tlog
d:\projects\gd2p02-1\mdsopengl\debug\mdsopengl.tlog\link.command.1.tlog
d:\projects\gd2p02-1\mdsopengl\debug\mdsopengl.tlog\link.read.1.tlog
d:\projects\gd2p02-1\mdsopengl\debug\mdsopengl.tlog\link.write.1.tlog
